<?xml version="1.0" encoding="UTF-8"?>
<coverage generated="1722466252593" clover="3.2.0">
  <project timestamp="1722466252593" name="All files">
    <metrics statements="36" coveredstatements="11" conditionals="20" coveredconditionals="11" methods="9" coveredmethods="3" elements="65" coveredelements="25" complexity="0" loc="36" ncloc="36" packages="2" files="3" classes="3"/>
    <package name="context">
      <metrics statements="26" coveredstatements="4" conditionals="9" coveredconditionals="0" methods="4" coveredmethods="0"/>
      <file name="HotelsContext.js" path="/home/karuiru/Frontend Engineer/React Book Projects/Hotel-Review-App/src/context/HotelsContext.js">
        <metrics statements="26" coveredstatements="4" conditionals="9" coveredconditionals="0" methods="4" coveredmethods="0"/>
        <line num="3" count="1" type="stmt"/>
        <line num="5" count="1" type="stmt"/>
        <line num="12" count="1" type="stmt"/>
        <line num="13" count="0" type="cond" truecount="0" falsecount="5"/>
        <line num="15" count="0" type="stmt"/>
        <line num="21" count="0" type="stmt"/>
        <line num="28" count="0" type="stmt"/>
        <line num="34" count="0" type="stmt"/>
        <line num="41" count="0" type="stmt"/>
        <line num="45" count="1" type="stmt"/>
        <line num="46" count="0" type="stmt"/>
        <line num="48" count="0" type="stmt"/>
        <line num="49" count="0" type="stmt"/>
        <line num="50" count="0" type="stmt"/>
        <line num="53" count="0" type="stmt"/>
        <line num="55" count="0" type="cond" truecount="0" falsecount="2"/>
        <line num="56" count="0" type="stmt"/>
        <line num="59" count="0" type="stmt"/>
        <line num="63" count="0" type="stmt"/>
        <line num="64" count="0" type="stmt"/>
        <line num="65" count="0" type="stmt"/>
        <line num="68" count="0" type="stmt"/>
        <line num="70" count="0" type="cond" truecount="0" falsecount="2"/>
        <line num="71" count="0" type="stmt"/>
        <line num="74" count="0" type="stmt"/>
        <line num="78" count="0" type="stmt"/>
      </file>
    </package>
    <package name="pages">
      <metrics statements="10" coveredstatements="7" conditionals="11" coveredconditionals="11" methods="5" coveredmethods="3"/>
      <file name="Hotels.cy.js" path="/home/karuiru/Frontend Engineer/React Book Projects/Hotel-Review-App/src/pages/Hotels.cy.js">
        <metrics statements="3" coveredstatements="0" conditionals="0" coveredconditionals="0" methods="2" coveredmethods="0"/>
        <line num="4" count="0" type="stmt"/>
        <line num="5" count="0" type="stmt"/>
        <line num="7" count="0" type="stmt"/>
      </file>
      <file name="Hotels.js" path="/home/karuiru/Frontend Engineer/React Book Projects/Hotel-Review-App/src/pages/Hotels.js">
        <metrics statements="7" coveredstatements="7" conditionals="11" coveredconditionals="11" methods="3" coveredmethods="3"/>
        <line num="8" count="1" type="stmt"/>
        <line num="15" count="1" type="stmt"/>
        <line num="21" count="2" type="stmt"/>
        <line num="23" count="2" type="stmt"/>
        <line num="24" count="2" type="cond" truecount="3" falsecount="0"/>
        <line num="27" count="2" type="stmt"/>
        <line num="36" count="2" type="stmt"/>
      </file>
    </package>
  </project>
</coverage>
