{"/home/karuiru/Frontend Engineer/React Book Projects/Hotel-Review-App/src/context/HotelsContext.js": {"path":"/home/karuiru/Frontend Engineer/React Book Projects/Hotel-Review-App/src/context/HotelsContext.js","statementMap":{"0":{"start":{"line":3,"column":29},"end":{"line":3,"column":44}},"1":{"start":{"line":5,"column":21},"end":{"line":10,"column":1}},"2":{"start":{"line":12,"column":16},"end":{"line":43,"column":1}},"3":{"start":{"line":13,"column":2},"end":{"line":42,"column":3}},"4":{"start":{"line":15,"column":6},"end":{"line":19,"column":8}},"5":{"start":{"line":21,"column":6},"end":{"line":26,"column":8}},"6":{"start":{"line":28,"column":6},"end":{"line":32,"column":8}},"7":{"start":{"line":34,"column":6},"end":{"line":39,"column":8}},"8":{"start":{"line":41,"column":6},"end":{"line":41,"column":19}},"9":{"start":{"line":45,"column":37},"end":{"line":83,"column":1}},"10":{"start":{"line":46,"column":28},"end":{"line":46,"column":61}},"11":{"start":{"line":48,"column":22},"end":{"line":61,"column":8}},"12":{"start":{"line":49,"column":4},"end":{"line":60,"column":5}},"13":{"start":{"line":50,"column":19},"end":{"line":52,"column":7}},"14":{"start":{"line":53,"column":21},"end":{"line":53,"column":38}},"15":{"start":{"line":55,"column":6},"end":{"line":57,"column":7}},"16":{"start":{"line":56,"column":8},"end":{"line":56,"column":66}},"17":{"start":{"line":59,"column":6},"end":{"line":59,"column":65}},"18":{"start":{"line":63,"column":21},"end":{"line":76,"column":8}},"19":{"start":{"line":64,"column":4},"end":{"line":75,"column":5}},"20":{"start":{"line":65,"column":19},"end":{"line":67,"column":7}},"21":{"start":{"line":68,"column":21},"end":{"line":68,"column":38}},"22":{"start":{"line":70,"column":6},"end":{"line":72,"column":7}},"23":{"start":{"line":71,"column":8},"end":{"line":71,"column":65}},"24":{"start":{"line":74,"column":6},"end":{"line":74,"column":64}},"25":{"start":{"line":78,"column":2},"end":{"line":82,"column":4}}},"fnMap":{"0":{"name":"(anonymous_0)","decl":{"start":{"line":12,"column":16},"end":{"line":12,"column":17}},"loc":{"start":{"line":12,"column":35},"end":{"line":43,"column":1}},"line":12},"1":{"name":"(anonymous_1)","decl":{"start":{"line":45,"column":37},"end":{"line":45,"column":38}},"loc":{"start":{"line":45,"column":55},"end":{"line":83,"column":1}},"line":45},"2":{"name":"(anonymous_2)","decl":{"start":{"line":48,"column":34},"end":{"line":48,"column":35}},"loc":{"start":{"line":48,"column":46},"end":{"line":61,"column":3}},"line":48},"3":{"name":"(anonymous_3)","decl":{"start":{"line":63,"column":33},"end":{"line":63,"column":34}},"loc":{"start":{"line":63,"column":52},"end":{"line":76,"column":3}},"line":63}},"branchMap":{"0":{"loc":{"start":{"line":13,"column":2},"end":{"line":42,"column":3}},"type":"switch","locations":[{"start":{"line":14,"column":4},"end":{"line":19,"column":8}},{"start":{"line":20,"column":4},"end":{"line":26,"column":8}},{"start":{"line":27,"column":4},"end":{"line":32,"column":8}},{"start":{"line":33,"column":4},"end":{"line":39,"column":8}},{"start":{"line":40,"column":4},"end":{"line":41,"column":19}}],"line":13},"1":{"loc":{"start":{"line":55,"column":6},"end":{"line":57,"column":7}},"type":"if","locations":[{"start":{"line":55,"column":6},"end":{"line":57,"column":7}},{"start":{},"end":{}}],"line":55},"2":{"loc":{"start":{"line":70,"column":6},"end":{"line":72,"column":7}},"type":"if","locations":[{"start":{"line":70,"column":6},"end":{"line":72,"column":7}},{"start":{},"end":{}}],"line":70}},"s":{"0":1,"1":1,"2":1,"3":0,"4":0,"5":0,"6":0,"7":0,"8":0,"9":1,"10":0,"11":0,"12":0,"13":0,"14":0,"15":0,"16":0,"17":0,"18":0,"19":0,"20":0,"21":0,"22":0,"23":0,"24":0,"25":0},"f":{"0":0,"1":0,"2":0,"3":0},"b":{"0":[0,0,0,0,0],"1":[0,0],"2":[0,0]},"_coverageSchema":"1a1c01bbd47fc00a2c39e90264f33305004495a9","hash":"75de027330de2f9ceb7b2b95dd5a481cdf064963"}
,"/home/karuiru/Frontend Engineer/React Book Projects/Hotel-Review-App/src/pages/Hotels.cy.js": {"path":"/home/karuiru/Frontend Engineer/React Book Projects/Hotel-Review-App/src/pages/Hotels.cy.js","statementMap":{"0":{"start":{"line":4,"column":0},"end":{"line":9,"column":2}},"1":{"start":{"line":5,"column":2},"end":{"line":8,"column":4}},"2":{"start":{"line":7,"column":4},"end":{"line":7,"column":24}}},"fnMap":{"0":{"name":"(anonymous_0)","decl":{"start":{"line":4,"column":23},"end":{"line":4,"column":24}},"loc":{"start":{"line":4,"column":29},"end":{"line":9,"column":1}},"line":4},"1":{"name":"(anonymous_1)","decl":{"start":{"line":5,"column":16},"end":{"line":5,"column":17}},"loc":{"start":{"line":5,"column":22},"end":{"line":8,"column":3}},"line":5}},"branchMap":{},"s":{"0":0,"1":0,"2":0},"f":{"0":0,"1":0},"b":{}}
,"/home/karuiru/Frontend Engineer/React Book Projects/Hotel-Review-App/src/pages/Hotels.js": {"path":"/home/karuiru/Frontend Engineer/React Book Projects/Hotel-Review-App/src/pages/Hotels.js","statementMap":{"0":{"start":{"line":8,"column":26},"end":{"line":13,"column":1}},"1":{"start":{"line":15,"column":18},"end":{"line":18,"column":1}},"2":{"start":{"line":21,"column":50},"end":{"line":21,"column":75}},"3":{"start":{"line":23,"column":2},"end":{"line":25,"column":28}},"4":{"start":{"line":24,"column":4},"end":{"line":24,"column":49}},"5":{"start":{"line":27,"column":2},"end":{"line":43,"column":4}},"6":{"start":{"line":36,"column":12},"end":{"line":38,"column":24}}},"fnMap":{"0":{"name":"Hotels","decl":{"start":{"line":20,"column":9},"end":{"line":20,"column":15}},"loc":{"start":{"line":20,"column":18},"end":{"line":44,"column":1}},"line":20},"1":{"name":"(anonymous_1)","decl":{"start":{"line":23,"column":12},"end":{"line":23,"column":13}},"loc":{"start":{"line":23,"column":18},"end":{"line":25,"column":3}},"line":23},"2":{"name":"(anonymous_2)","decl":{"start":{"line":35,"column":21},"end":{"line":35,"column":22}},"loc":{"start":{"line":36,"column":12},"end":{"line":38,"column":24}},"line":36}},"branchMap":{"0":{"loc":{"start":{"line":24,"column":4},"end":{"line":24,"column":48}},"type":"binary-expr","locations":[{"start":{"line":24,"column":5},"end":{"line":24,"column":12}},{"start":{"line":24,"column":16},"end":{"line":24,"column":30}},{"start":{"line":24,"column":35},"end":{"line":24,"column":48}}],"line":24},"1":{"loc":{"start":{"line":31,"column":9},"end":{"line":40,"column":9}},"type":"cond-expr","locations":[{"start":{"line":32,"column":10},"end":{"line":32,"column":46}},{"start":{"line":34,"column":10},"end":{"line":39,"column":12}}],"line":31},"2":{"loc":{"start":{"line":31,"column":9},"end":{"line":31,"column":25}},"type":"binary-expr","locations":[{"start":{"line":31,"column":9},"end":{"line":31,"column":16}},{"start":{"line":31,"column":20},"end":{"line":31,"column":25}}],"line":31},"3":{"loc":{"start":{"line":32,"column":17},"end":{"line":32,"column":38}},"type":"binary-expr","locations":[{"start":{"line":32,"column":17},"end":{"line":32,"column":22}},{"start":{"line":32,"column":26},"end":{"line":32,"column":38}}],"line":32},"4":{"loc":{"start":{"line":34,"column":10},"end":{"line":39,"column":12}},"type":"binary-expr","locations":[{"start":{"line":34,"column":10},"end":{"line":34,"column":16}},{"start":{"line":35,"column":10},"end":{"line":39,"column":12}}],"line":34}},"s":{"0":1,"1":1,"2":2,"3":2,"4":2,"5":2,"6":2},"f":{"0":2,"1":2,"2":2},"b":{"0":[2,2,1],"1":[1,1],"2":[2,1],"3":[1,1],"4":[1,1]},"_coverageSchema":"1a1c01bbd47fc00a2c39e90264f33305004495a9","hash":"e573ed90cfccf95f2e42c66e2ff3d4f55d18ec72"}
}
