{"/home/karuiru/Frontend Engineer/React Book Projects/Hotel-Review-App/src/App.js": {"path":"/home/karuiru/Frontend Engineer/React Book Projects/Hotel-Review-App/src/App.js","statementMap":{"0":{"start":{"line":9,"column":20},"end":{"line":19,"column":1}},"1":{"start":{"line":21,"column":19},"end":{"line":23,"column":1}},"2":{"start":{"line":26,"column":2},"end":{"line":42,"column":4}}},"fnMap":{"0":{"name":"App","decl":{"start":{"line":25,"column":9},"end":{"line":25,"column":12}},"loc":{"start":{"line":25,"column":15},"end":{"line":43,"column":1}},"line":25}},"branchMap":{},"s":{"0":0,"1":0,"2":0},"f":{"0":0},"b":{}}
,"/home/karuiru/Frontend Engineer/React Book Projects/Hotel-Review-App/src/index.js": {"path":"/home/karuiru/Frontend Engineer/React Book Projects/Hotel-Review-App/src/index.js","statementMap":{"0":{"start":{"line":6,"column":13},"end":{"line":6,"column":65}},"1":{"start":{"line":7,"column":0},"end":{"line":11,"column":2}},"2":{"start":{"line":17,"column":0},"end":{"line":17,"column":18}}},"fnMap":{},"branchMap":{},"s":{"0":0,"1":0,"2":0},"f":{},"b":{}}
,"/home/karuiru/Frontend Engineer/React Book Projects/Hotel-Review-App/src/reportWebVitals.js": {"path":"/home/karuiru/Frontend Engineer/React Book Projects/Hotel-Review-App/src/reportWebVitals.js","statementMap":{"0":{"start":{"line":1,"column":24},"end":{"line":11,"column":1}},"1":{"start":{"line":2,"column":2},"end":{"line":10,"column":3}},"2":{"start":{"line":3,"column":4},"end":{"line":9,"column":7}},"3":{"start":{"line":4,"column":6},"end":{"line":4,"column":26}},"4":{"start":{"line":5,"column":6},"end":{"line":5,"column":26}},"5":{"start":{"line":6,"column":6},"end":{"line":6,"column":26}},"6":{"start":{"line":7,"column":6},"end":{"line":7,"column":26}},"7":{"start":{"line":8,"column":6},"end":{"line":8,"column":27}}},"fnMap":{"0":{"name":"(anonymous_0)","decl":{"start":{"line":1,"column":24},"end":{"line":1,"column":25}},"loc":{"start":{"line":1,"column":39},"end":{"line":11,"column":1}},"line":1},"1":{"name":"(anonymous_1)","decl":{"start":{"line":3,"column":30},"end":{"line":3,"column":31}},"loc":{"start":{"line":3,"column":79},"end":{"line":9,"column":5}},"line":3}},"branchMap":{"0":{"loc":{"start":{"line":2,"column":2},"end":{"line":10,"column":3}},"type":"if","locations":[{"start":{"line":2,"column":2},"end":{"line":10,"column":3}},{"start":{},"end":{}}],"line":2},"1":{"loc":{"start":{"line":2,"column":6},"end":{"line":2,"column":52}},"type":"binary-expr","locations":[{"start":{"line":2,"column":6},"end":{"line":2,"column":17}},{"start":{"line":2,"column":21},"end":{"line":2,"column":52}}],"line":2}},"s":{"0":0,"1":0,"2":0,"3":0,"4":0,"5":0,"6":0,"7":0},"f":{"0":0,"1":0},"b":{"0":[0,0],"1":[0,0]}}
,"/home/karuiru/Frontend Engineer/React Book Projects/Hotel-Review-App/src/components/Button/Button.js": {"path":"/home/karuiru/Frontend Engineer/React Book Projects/Hotel-Review-App/src/components/Button/Button.js","statementMap":{"0":{"start":{"line":3,"column":15},"end":{"line":16,"column":1}}},"fnMap":{},"branchMap":{},"s":{"0":2},"f":{},"b":{},"_coverageSchema":"1a1c01bbd47fc00a2c39e90264f33305004495a9","hash":"8850552ef14bcf3f3a27ffa34314d34b195e2fbb"}
,"/home/karuiru/Frontend Engineer/React Book Projects/Hotel-Review-App/src/components/FormItem/FormItem.js": {"path":"/home/karuiru/Frontend Engineer/React Book Projects/Hotel-Review-App/src/components/FormItem/FormItem.js","statementMap":{"0":{"start":{"line":3,"column":24},"end":{"line":8,"column":1}},"1":{"start":{"line":10,"column":14},"end":{"line":14,"column":1}},"2":{"start":{"line":16,"column":14},"end":{"line":23,"column":1}},"3":{"start":{"line":33,"column":2},"end":{"line":45,"column":4}}},"fnMap":{"0":{"name":"FormItem","decl":{"start":{"line":25,"column":9},"end":{"line":25,"column":17}},"loc":{"start":{"line":32,"column":3},"end":{"line":46,"column":1}},"line":32}},"branchMap":{"0":{"loc":{"start":{"line":28,"column":2},"end":{"line":28,"column":15}},"type":"default-arg","locations":[{"start":{"line":28,"column":9},"end":{"line":28,"column":15}}],"line":28},"1":{"loc":{"start":{"line":29,"column":2},"end":{"line":29,"column":18}},"type":"default-arg","locations":[{"start":{"line":29,"column":16},"end":{"line":29,"column":18}}],"line":29}},"s":{"0":0,"1":0,"2":0,"3":0},"f":{"0":0},"b":{"0":[0],"1":[0]}}
,"/home/karuiru/Frontend Engineer/React Book Projects/Hotel-Review-App/src/components/Header/Header.js": {"path":"/home/karuiru/Frontend Engineer/React Book Projects/Hotel-Review-App/src/components/Header/Header.js","statementMap":{"0":{"start":{"line":3,"column":22},"end":{"line":12,"column":1}},"1":{"start":{"line":14,"column":14},"end":{"line":16,"column":1}},"2":{"start":{"line":19,"column":2},"end":{"line":23,"column":4}}},"fnMap":{"0":{"name":"Header","decl":{"start":{"line":18,"column":9},"end":{"line":18,"column":15}},"loc":{"start":{"line":18,"column":18},"end":{"line":24,"column":1}},"line":18}},"branchMap":{},"s":{"0":0,"1":0,"2":0},"f":{"0":0},"b":{}}
,"/home/karuiru/Frontend Engineer/React Book Projects/Hotel-Review-App/src/components/HotelItem/HotelItem.js": {"path":"/home/karuiru/Frontend Engineer/React Book Projects/Hotel-Review-App/src/components/HotelItem/HotelItem.js","statementMap":{"0":{"start":{"line":3,"column":25},"end":{"line":13,"column":1}},"1":{"start":{"line":15,"column":14},"end":{"line":17,"column":1}},"2":{"start":{"line":19,"column":18},"end":{"line":21,"column":1}},"3":{"start":{"line":24,"column":2},"end":{"line":29,"column":4}}},"fnMap":{"0":{"name":"HotelItem","decl":{"start":{"line":23,"column":9},"end":{"line":23,"column":18}},"loc":{"start":{"line":23,"column":29},"end":{"line":30,"column":1}},"line":23}},"branchMap":{},"s":{"0":1,"1":1,"2":1,"3":0},"f":{"0":0},"b":{},"_coverageSchema":"1a1c01bbd47fc00a2c39e90264f33305004495a9","hash":"67660c1590db1ebdafd1a2edd6651412126a9350"}
,"/home/karuiru/Frontend Engineer/React Book Projects/Hotel-Review-App/src/components/NavBar/NavBar.js": {"path":"/home/karuiru/Frontend Engineer/React Book Projects/Hotel-Review-App/src/components/NavBar/NavBar.js","statementMap":{"0":{"start":{"line":4,"column":22},"end":{"line":9,"column":1}},"1":{"start":{"line":11,"column":14},"end":{"line":20,"column":1}},"2":{"start":{"line":22,"column":21},"end":{"line":24,"column":1}},"3":{"start":{"line":27,"column":2},"end":{"line":43,"column":4}}},"fnMap":{"0":{"name":"NavBar","decl":{"start":{"line":26,"column":9},"end":{"line":26,"column":15}},"loc":{"start":{"line":26,"column":53},"end":{"line":44,"column":1}},"line":26}},"branchMap":{"0":{"loc":{"start":{"line":26,"column":33},"end":{"line":26,"column":49}},"type":"default-arg","locations":[{"start":{"line":26,"column":44},"end":{"line":26,"column":49}}],"line":26},"1":{"loc":{"start":{"line":30,"column":8},"end":{"line":32,"column":23}},"type":"binary-expr","locations":[{"start":{"line":30,"column":8},"end":{"line":30,"column":14}},{"start":{"line":30,"column":18},"end":{"line":32,"column":23}}],"line":30},"2":{"loc":{"start":{"line":36,"column":8},"end":{"line":40,"column":9}},"type":"binary-expr","locations":[{"start":{"line":36,"column":8},"end":{"line":36,"column":16}},{"start":{"line":37,"column":10},"end":{"line":39,"column":25}}],"line":36}},"s":{"0":2,"1":2,"2":2,"3":3},"f":{"0":3},"b":{"0":[2],"1":[3,1],"2":[3,1]},"_coverageSchema":"1a1c01bbd47fc00a2c39e90264f33305004495a9","hash":"0cff42dc709482b75fddfb440301f2e56611134e"}
,"/home/karuiru/Frontend Engineer/React Book Projects/Hotel-Review-App/src/components/ReviewItem/ReviewItem.js": {"path":"/home/karuiru/Frontend Engineer/React Book Projects/Hotel-Review-App/src/components/ReviewItem/ReviewItem.js","statementMap":{"0":{"start":{"line":3,"column":26},"end":{"line":12,"column":1}},"1":{"start":{"line":14,"column":14},"end":{"line":18,"column":1}},"2":{"start":{"line":20,"column":15},"end":{"line":23,"column":1}},"3":{"start":{"line":25,"column":20},"end":{"line":27,"column":1}},"4":{"start":{"line":30,"column":2},"end":{"line":38,"column":4}}},"fnMap":{"0":{"name":"ReviewItem","decl":{"start":{"line":29,"column":9},"end":{"line":29,"column":19}},"loc":{"start":{"line":29,"column":30},"end":{"line":39,"column":1}},"line":29}},"branchMap":{},"s":{"0":0,"1":0,"2":0,"3":0,"4":0},"f":{"0":0},"b":{}}
,"/home/karuiru/Frontend Engineer/React Book Projects/Hotel-Review-App/src/context/AppContext.js": {"path":"/home/karuiru/Frontend Engineer/React Book Projects/Hotel-Review-App/src/context/AppContext.js","statementMap":{"0":{"start":{"line":4,"column":19},"end":{"line":10,"column":1}},"1":{"start":{"line":5,"column":2},"end":{"line":9,"column":4}}},"fnMap":{"0":{"name":"(anonymous_0)","decl":{"start":{"line":4,"column":19},"end":{"line":4,"column":20}},"loc":{"start":{"line":4,"column":37},"end":{"line":10,"column":1}},"line":4}},"branchMap":{},"s":{"0":0,"1":0},"f":{"0":0},"b":{}}
,"/home/karuiru/Frontend Engineer/React Book Projects/Hotel-Review-App/src/context/HotelsContext.js": {"path":"/home/karuiru/Frontend Engineer/React Book Projects/Hotel-Review-App/src/context/HotelsContext.js","statementMap":{"0":{"start":{"line":3,"column":29},"end":{"line":3,"column":44}},"1":{"start":{"line":5,"column":21},"end":{"line":10,"column":1}},"2":{"start":{"line":12,"column":16},"end":{"line":43,"column":1}},"3":{"start":{"line":13,"column":2},"end":{"line":42,"column":3}},"4":{"start":{"line":15,"column":6},"end":{"line":19,"column":8}},"5":{"start":{"line":21,"column":6},"end":{"line":26,"column":8}},"6":{"start":{"line":28,"column":6},"end":{"line":32,"column":8}},"7":{"start":{"line":34,"column":6},"end":{"line":39,"column":8}},"8":{"start":{"line":41,"column":6},"end":{"line":41,"column":19}},"9":{"start":{"line":45,"column":37},"end":{"line":83,"column":1}},"10":{"start":{"line":46,"column":28},"end":{"line":46,"column":61}},"11":{"start":{"line":48,"column":22},"end":{"line":61,"column":8}},"12":{"start":{"line":49,"column":4},"end":{"line":60,"column":5}},"13":{"start":{"line":50,"column":19},"end":{"line":52,"column":7}},"14":{"start":{"line":53,"column":21},"end":{"line":53,"column":38}},"15":{"start":{"line":55,"column":6},"end":{"line":57,"column":7}},"16":{"start":{"line":56,"column":8},"end":{"line":56,"column":66}},"17":{"start":{"line":59,"column":6},"end":{"line":59,"column":65}},"18":{"start":{"line":63,"column":21},"end":{"line":76,"column":8}},"19":{"start":{"line":64,"column":4},"end":{"line":75,"column":5}},"20":{"start":{"line":65,"column":19},"end":{"line":67,"column":7}},"21":{"start":{"line":68,"column":21},"end":{"line":68,"column":38}},"22":{"start":{"line":70,"column":6},"end":{"line":72,"column":7}},"23":{"start":{"line":71,"column":8},"end":{"line":71,"column":65}},"24":{"start":{"line":74,"column":6},"end":{"line":74,"column":64}},"25":{"start":{"line":78,"column":2},"end":{"line":82,"column":4}}},"fnMap":{"0":{"name":"(anonymous_0)","decl":{"start":{"line":12,"column":16},"end":{"line":12,"column":17}},"loc":{"start":{"line":12,"column":35},"end":{"line":43,"column":1}},"line":12},"1":{"name":"(anonymous_1)","decl":{"start":{"line":45,"column":37},"end":{"line":45,"column":38}},"loc":{"start":{"line":45,"column":55},"end":{"line":83,"column":1}},"line":45},"2":{"name":"(anonymous_2)","decl":{"start":{"line":48,"column":34},"end":{"line":48,"column":35}},"loc":{"start":{"line":48,"column":46},"end":{"line":61,"column":3}},"line":48},"3":{"name":"(anonymous_3)","decl":{"start":{"line":63,"column":33},"end":{"line":63,"column":34}},"loc":{"start":{"line":63,"column":52},"end":{"line":76,"column":3}},"line":63}},"branchMap":{"0":{"loc":{"start":{"line":13,"column":2},"end":{"line":42,"column":3}},"type":"switch","locations":[{"start":{"line":14,"column":4},"end":{"line":19,"column":8}},{"start":{"line":20,"column":4},"end":{"line":26,"column":8}},{"start":{"line":27,"column":4},"end":{"line":32,"column":8}},{"start":{"line":33,"column":4},"end":{"line":39,"column":8}},{"start":{"line":40,"column":4},"end":{"line":41,"column":19}}],"line":13},"1":{"loc":{"start":{"line":55,"column":6},"end":{"line":57,"column":7}},"type":"if","locations":[{"start":{"line":55,"column":6},"end":{"line":57,"column":7}},{"start":{},"end":{}}],"line":55},"2":{"loc":{"start":{"line":70,"column":6},"end":{"line":72,"column":7}},"type":"if","locations":[{"start":{"line":70,"column":6},"end":{"line":72,"column":7}},{"start":{},"end":{}}],"line":70}},"s":{"0":1,"1":1,"2":1,"3":0,"4":0,"5":0,"6":0,"7":0,"8":0,"9":1,"10":0,"11":0,"12":0,"13":0,"14":0,"15":0,"16":0,"17":0,"18":0,"19":0,"20":0,"21":0,"22":0,"23":0,"24":0,"25":0},"f":{"0":0,"1":0,"2":0,"3":0},"b":{"0":[0,0,0,0,0],"1":[0,0],"2":[0,0]},"_coverageSchema":"1a1c01bbd47fc00a2c39e90264f33305004495a9","hash":"75de027330de2f9ceb7b2b95dd5a481cdf064963"}
,"/home/karuiru/Frontend Engineer/React Book Projects/Hotel-Review-App/src/context/ReviewsContext.js": {"path":"/home/karuiru/Frontend Engineer/React Book Projects/Hotel-Review-App/src/context/ReviewsContext.js","statementMap":{"0":{"start":{"line":3,"column":30},"end":{"line":3,"column":45}},"1":{"start":{"line":5,"column":21},"end":{"line":9,"column":1}},"2":{"start":{"line":11,"column":16},"end":{"line":36,"column":1}},"3":{"start":{"line":12,"column":2},"end":{"line":35,"column":3}},"4":{"start":{"line":14,"column":6},"end":{"line":18,"column":8}},"5":{"start":{"line":20,"column":6},"end":{"line":25,"column":8}},"6":{"start":{"line":27,"column":6},"end":{"line":32,"column":8}},"7":{"start":{"line":34,"column":6},"end":{"line":34,"column":19}},"8":{"start":{"line":38,"column":38},"end":{"line":98,"column":1}},"9":{"start":{"line":39,"column":28},"end":{"line":39,"column":61}},"10":{"start":{"line":41,"column":23},"end":{"line":54,"column":8}},"11":{"start":{"line":42,"column":4},"end":{"line":53,"column":5}},"12":{"start":{"line":43,"column":19},"end":{"line":45,"column":7}},"13":{"start":{"line":46,"column":21},"end":{"line":46,"column":38}},"14":{"start":{"line":48,"column":6},"end":{"line":50,"column":7}},"15":{"start":{"line":49,"column":8},"end":{"line":49,"column":67}},"16":{"start":{"line":52,"column":6},"end":{"line":52,"column":66}},"17":{"start":{"line":56,"column":20},"end":{"line":91,"column":3}},"18":{"start":{"line":58,"column":23},"end":{"line":58,"column":54}},"19":{"start":{"line":60,"column":6},"end":{"line":88,"column":16}},"20":{"start":{"line":61,"column":21},"end":{"line":73,"column":9}},"21":{"start":{"line":74,"column":23},"end":{"line":74,"column":40}},"22":{"start":{"line":76,"column":8},"end":{"line":87,"column":9}},"23":{"start":{"line":77,"column":10},"end":{"line":86,"column":13}},"24":{"start":{"line":93,"column":2},"end":{"line":97,"column":4}}},"fnMap":{"0":{"name":"(anonymous_0)","decl":{"start":{"line":11,"column":16},"end":{"line":11,"column":17}},"loc":{"start":{"line":11,"column":35},"end":{"line":36,"column":1}},"line":11},"1":{"name":"(anonymous_1)","decl":{"start":{"line":38,"column":38},"end":{"line":38,"column":39}},"loc":{"start":{"line":38,"column":56},"end":{"line":98,"column":1}},"line":38},"2":{"name":"(anonymous_2)","decl":{"start":{"line":41,"column":35},"end":{"line":41,"column":36}},"loc":{"start":{"line":41,"column":54},"end":{"line":54,"column":3}},"line":41},"3":{"name":"(anonymous_3)","decl":{"start":{"line":57,"column":4},"end":{"line":57,"column":5}},"loc":{"start":{"line":57,"column":55},"end":{"line":89,"column":5}},"line":57}},"branchMap":{"0":{"loc":{"start":{"line":12,"column":2},"end":{"line":35,"column":3}},"type":"switch","locations":[{"start":{"line":13,"column":4},"end":{"line":18,"column":8}},{"start":{"line":19,"column":4},"end":{"line":25,"column":8}},{"start":{"line":26,"column":4},"end":{"line":32,"column":8}},{"start":{"line":33,"column":4},"end":{"line":34,"column":19}}],"line":12},"1":{"loc":{"start":{"line":48,"column":6},"end":{"line":50,"column":7}},"type":"if","locations":[{"start":{"line":48,"column":6},"end":{"line":50,"column":7}},{"start":{},"end":{}}],"line":48},"2":{"loc":{"start":{"line":76,"column":8},"end":{"line":87,"column":9}},"type":"if","locations":[{"start":{"line":76,"column":8},"end":{"line":87,"column":9}},{"start":{},"end":{}}],"line":76}},"s":{"0":0,"1":0,"2":0,"3":0,"4":0,"5":0,"6":0,"7":0,"8":0,"9":0,"10":0,"11":0,"12":0,"13":0,"14":0,"15":0,"16":0,"17":0,"18":0,"19":0,"20":0,"21":0,"22":0,"23":0,"24":0},"f":{"0":0,"1":0,"2":0,"3":0},"b":{"0":[0,0,0,0],"1":[0,0],"2":[0,0]}}
,"/home/karuiru/Frontend Engineer/React Book Projects/Hotel-Review-App/src/pages/HotelDetail.js": {"path":"/home/karuiru/Frontend Engineer/React Book Projects/Hotel-Review-App/src/pages/HotelDetail.js","statementMap":{"0":{"start":{"line":11,"column":27},"end":{"line":16,"column":1}},"1":{"start":{"line":19,"column":17},"end":{"line":19,"column":30}},"2":{"start":{"line":20,"column":22},"end":{"line":20,"column":33}},"3":{"start":{"line":22,"column":48},"end":{"line":22,"column":73}},"4":{"start":{"line":23,"column":36},"end":{"line":23,"column":62}},"5":{"start":{"line":25,"column":2},"end":{"line":27,"column":38}},"6":{"start":{"line":26,"column":4},"end":{"line":26,"column":48}},"7":{"start":{"line":29,"column":2},"end":{"line":31,"column":46}},"8":{"start":{"line":30,"column":4},"end":{"line":30,"column":56}},"9":{"start":{"line":33,"column":2},"end":{"line":51,"column":4}},"10":{"start":{"line":37,"column":24},"end":{"line":37,"column":36}},"11":{"start":{"line":38,"column":26},"end":{"line":38,"column":59}},"12":{"start":{"line":47,"column":34},"end":{"line":47,"column":78}}},"fnMap":{"0":{"name":"HotelDetail","decl":{"start":{"line":18,"column":9},"end":{"line":18,"column":20}},"loc":{"start":{"line":18,"column":23},"end":{"line":52,"column":1}},"line":18},"1":{"name":"(anonymous_1)","decl":{"start":{"line":25,"column":12},"end":{"line":25,"column":13}},"loc":{"start":{"line":25,"column":18},"end":{"line":27,"column":3}},"line":25},"2":{"name":"(anonymous_2)","decl":{"start":{"line":29,"column":12},"end":{"line":29,"column":13}},"loc":{"start":{"line":29,"column":18},"end":{"line":31,"column":3}},"line":29},"3":{"name":"(anonymous_3)","decl":{"start":{"line":37,"column":18},"end":{"line":37,"column":19}},"loc":{"start":{"line":37,"column":24},"end":{"line":37,"column":36}},"line":37},"4":{"name":"(anonymous_4)","decl":{"start":{"line":38,"column":20},"end":{"line":38,"column":21}},"loc":{"start":{"line":38,"column":26},"end":{"line":38,"column":59}},"line":38},"5":{"name":"(anonymous_5)","decl":{"start":{"line":47,"column":22},"end":{"line":47,"column":23}},"loc":{"start":{"line":47,"column":34},"end":{"line":47,"column":78}},"line":47}},"branchMap":{"0":{"loc":{"start":{"line":26,"column":4},"end":{"line":26,"column":47}},"type":"binary-expr","locations":[{"start":{"line":26,"column":4},"end":{"line":26,"column":11}},{"start":{"line":26,"column":15},"end":{"line":26,"column":24}},{"start":{"line":26,"column":28},"end":{"line":26,"column":47}}],"line":26},"1":{"loc":{"start":{"line":30,"column":4},"end":{"line":30,"column":55}},"type":"binary-expr","locations":[{"start":{"line":30,"column":4},"end":{"line":30,"column":11}},{"start":{"line":30,"column":15},"end":{"line":30,"column":30}},{"start":{"line":30,"column":34},"end":{"line":30,"column":55}}],"line":30},"2":{"loc":{"start":{"line":35,"column":7},"end":{"line":41,"column":7}},"type":"binary-expr","locations":[{"start":{"line":35,"column":7},"end":{"line":35,"column":15}},{"start":{"line":36,"column":8},"end":{"line":40,"column":10}}],"line":35},"3":{"loc":{"start":{"line":39,"column":17},"end":{"line":39,"column":37}},"type":"binary-expr","locations":[{"start":{"line":39,"column":17},"end":{"line":39,"column":22}},{"start":{"line":39,"column":26},"end":{"line":39,"column":37}}],"line":39},"4":{"loc":{"start":{"line":42,"column":7},"end":{"line":42,"column":42}},"type":"binary-expr","locations":[{"start":{"line":42,"column":7},"end":{"line":42,"column":12}},{"start":{"line":42,"column":16},"end":{"line":42,"column":42}}],"line":42},"5":{"loc":{"start":{"line":44,"column":9},"end":{"line":48,"column":9}},"type":"cond-expr","locations":[{"start":{"line":45,"column":10},"end":{"line":45,"column":46}},{"start":{"line":47,"column":10},"end":{"line":47,"column":79}}],"line":44},"6":{"loc":{"start":{"line":44,"column":9},"end":{"line":44,"column":25}},"type":"binary-expr","locations":[{"start":{"line":44,"column":9},"end":{"line":44,"column":16}},{"start":{"line":44,"column":20},"end":{"line":44,"column":25}}],"line":44},"7":{"loc":{"start":{"line":45,"column":17},"end":{"line":45,"column":38}},"type":"binary-expr","locations":[{"start":{"line":45,"column":17},"end":{"line":45,"column":22}},{"start":{"line":45,"column":26},"end":{"line":45,"column":38}}],"line":45}},"s":{"0":0,"1":0,"2":0,"3":0,"4":0,"5":0,"6":0,"7":0,"8":0,"9":0,"10":0,"11":0,"12":0},"f":{"0":0,"1":0,"2":0,"3":0,"4":0,"5":0},"b":{"0":[0,0,0],"1":[0,0,0],"2":[0,0],"3":[0,0],"4":[0,0],"5":[0,0],"6":[0,0],"7":[0,0]}}
,"/home/karuiru/Frontend Engineer/React Book Projects/Hotel-Review-App/src/pages/Hotels.js": {"path":"/home/karuiru/Frontend Engineer/React Book Projects/Hotel-Review-App/src/pages/Hotels.js","statementMap":{"0":{"start":{"line":8,"column":26},"end":{"line":13,"column":1}},"1":{"start":{"line":15,"column":18},"end":{"line":18,"column":1}},"2":{"start":{"line":21,"column":50},"end":{"line":21,"column":75}},"3":{"start":{"line":23,"column":2},"end":{"line":25,"column":28}},"4":{"start":{"line":24,"column":4},"end":{"line":24,"column":49}},"5":{"start":{"line":27,"column":2},"end":{"line":43,"column":4}},"6":{"start":{"line":36,"column":12},"end":{"line":38,"column":24}}},"fnMap":{"0":{"name":"Hotels","decl":{"start":{"line":20,"column":9},"end":{"line":20,"column":15}},"loc":{"start":{"line":20,"column":18},"end":{"line":44,"column":1}},"line":20},"1":{"name":"(anonymous_1)","decl":{"start":{"line":23,"column":12},"end":{"line":23,"column":13}},"loc":{"start":{"line":23,"column":18},"end":{"line":25,"column":3}},"line":23},"2":{"name":"(anonymous_2)","decl":{"start":{"line":35,"column":21},"end":{"line":35,"column":22}},"loc":{"start":{"line":36,"column":12},"end":{"line":38,"column":24}},"line":36}},"branchMap":{"0":{"loc":{"start":{"line":24,"column":4},"end":{"line":24,"column":48}},"type":"binary-expr","locations":[{"start":{"line":24,"column":5},"end":{"line":24,"column":12}},{"start":{"line":24,"column":16},"end":{"line":24,"column":30}},{"start":{"line":24,"column":35},"end":{"line":24,"column":48}}],"line":24},"1":{"loc":{"start":{"line":31,"column":9},"end":{"line":40,"column":9}},"type":"cond-expr","locations":[{"start":{"line":32,"column":10},"end":{"line":32,"column":46}},{"start":{"line":34,"column":10},"end":{"line":39,"column":12}}],"line":31},"2":{"loc":{"start":{"line":31,"column":9},"end":{"line":31,"column":25}},"type":"binary-expr","locations":[{"start":{"line":31,"column":9},"end":{"line":31,"column":16}},{"start":{"line":31,"column":20},"end":{"line":31,"column":25}}],"line":31},"3":{"loc":{"start":{"line":32,"column":17},"end":{"line":32,"column":38}},"type":"binary-expr","locations":[{"start":{"line":32,"column":17},"end":{"line":32,"column":22}},{"start":{"line":32,"column":26},"end":{"line":32,"column":38}}],"line":32},"4":{"loc":{"start":{"line":34,"column":10},"end":{"line":39,"column":12}},"type":"binary-expr","locations":[{"start":{"line":34,"column":10},"end":{"line":34,"column":16}},{"start":{"line":35,"column":10},"end":{"line":39,"column":12}}],"line":34}},"s":{"0":1,"1":1,"2":1,"3":1,"4":1,"5":1,"6":0},"f":{"0":1,"1":1,"2":0},"b":{"0":[1,1,1],"1":[1,0],"2":[1,0],"3":[1,1],"4":[0,0]},"_coverageSchema":"1a1c01bbd47fc00a2c39e90264f33305004495a9","hash":"e573ed90cfccf95f2e42c66e2ff3d4f55d18ec72"}
,"/home/karuiru/Frontend Engineer/React Book Projects/Hotel-Review-App/src/pages/ReviewForm.js": {"path":"/home/karuiru/Frontend Engineer/React Book Projects/Hotel-Review-App/src/pages/ReviewForm.js","statementMap":{"0":{"start":{"line":9,"column":20},"end":{"line":14,"column":1}},"1":{"start":{"line":16,"column":21},"end":{"line":19,"column":1}},"2":{"start":{"line":22,"column":17},"end":{"line":22,"column":30}},"3":{"start":{"line":23,"column":22},"end":{"line":23,"column":33}},"4":{"start":{"line":25,"column":28},"end":{"line":25,"column":40}},"5":{"start":{"line":26,"column":40},"end":{"line":26,"column":52}},"6":{"start":{"line":27,"column":30},"end":{"line":27,"column":42}},"7":{"start":{"line":29,"column":24},"end":{"line":29,"column":50}},"8":{"start":{"line":32,"column":4},"end":{"line":32,"column":23}},"9":{"start":{"line":34,"column":4},"end":{"line":41,"column":5}},"10":{"start":{"line":35,"column":6},"end":{"line":40,"column":9}},"11":{"start":{"line":43,"column":4},"end":{"line":43,"column":34}},"12":{"start":{"line":46,"column":2},"end":{"line":77,"column":4}},"13":{"start":{"line":48,"column":41},"end":{"line":48,"column":53}},"14":{"start":{"line":56,"column":35},"end":{"line":56,"column":66}},"15":{"start":{"line":63,"column":35},"end":{"line":63,"column":72}},"16":{"start":{"line":71,"column":35},"end":{"line":71,"column":67}}},"fnMap":{"0":{"name":"ReviewForm","decl":{"start":{"line":21,"column":9},"end":{"line":21,"column":19}},"loc":{"start":{"line":21,"column":22},"end":{"line":78,"column":1}},"line":21},"1":{"name":"onSubmit","decl":{"start":{"line":31,"column":11},"end":{"line":31,"column":19}},"loc":{"start":{"line":31,"column":23},"end":{"line":44,"column":3}},"line":31},"2":{"name":"(anonymous_2)","decl":{"start":{"line":48,"column":35},"end":{"line":48,"column":36}},"loc":{"start":{"line":48,"column":41},"end":{"line":48,"column":53}},"line":48},"3":{"name":"(anonymous_3)","decl":{"start":{"line":56,"column":28},"end":{"line":56,"column":29}},"loc":{"start":{"line":56,"column":35},"end":{"line":56,"column":66}},"line":56},"4":{"name":"(anonymous_4)","decl":{"start":{"line":63,"column":28},"end":{"line":63,"column":29}},"loc":{"start":{"line":63,"column":35},"end":{"line":63,"column":72}},"line":63},"5":{"name":"(anonymous_5)","decl":{"start":{"line":71,"column":28},"end":{"line":71,"column":29}},"loc":{"start":{"line":71,"column":35},"end":{"line":71,"column":67}},"line":71}},"branchMap":{"0":{"loc":{"start":{"line":34,"column":4},"end":{"line":41,"column":5}},"type":"if","locations":[{"start":{"line":34,"column":4},"end":{"line":41,"column":5}},{"start":{},"end":{}}],"line":34},"1":{"loc":{"start":{"line":34,"column":8},"end":{"line":34,"column":38}},"type":"binary-expr","locations":[{"start":{"line":34,"column":8},"end":{"line":34,"column":13}},{"start":{"line":34,"column":17},"end":{"line":34,"column":28}},{"start":{"line":34,"column":32},"end":{"line":34,"column":38}}],"line":34},"2":{"loc":{"start":{"line":48,"column":7},"end":{"line":48,"column":78}},"type":"binary-expr","locations":[{"start":{"line":48,"column":7},"end":{"line":48,"column":15}},{"start":{"line":48,"column":19},"end":{"line":48,"column":78}}],"line":48}},"s":{"0":0,"1":0,"2":0,"3":0,"4":0,"5":0,"6":0,"7":0,"8":0,"9":0,"10":0,"11":0,"12":0,"13":0,"14":0,"15":0,"16":0},"f":{"0":0,"1":0,"2":0,"3":0,"4":0,"5":0},"b":{"0":[0,0],"1":[0,0,0],"2":[0,0]}}
}
