TN:
SF:src/context/HotelsContext.js
FN:12,(anonymous_0)
FN:45,(anonymous_1)
FN:48,(anonymous_2)
FN:63,(anonymous_3)
FNF:4
FNH:0
FNDA:0,(anonymous_0)
FNDA:0,(anonymous_1)
FNDA:0,(anonymous_2)
FNDA:0,(anonymous_3)
DA:3,1
DA:5,1
DA:12,1
DA:13,0
DA:15,0
DA:21,0
DA:28,0
DA:34,0
DA:41,0
DA:45,1
DA:46,0
DA:48,0
DA:49,0
DA:50,0
DA:53,0
DA:55,0
DA:56,0
DA:59,0
DA:63,0
DA:64,0
DA:65,0
DA:68,0
DA:70,0
DA:71,0
DA:74,0
DA:78,0
LF:26
LH:4
BRDA:13,0,0,0
BRDA:13,0,1,0
BRDA:13,0,2,0
BRDA:13,0,3,0
BRDA:13,0,4,0
BRDA:55,1,0,0
BRDA:55,1,1,0
BRDA:70,2,0,0
BRDA:70,2,1,0
BRF:9
BRH:0
end_of_record
TN:
SF:src/pages/Hotels.cy.js
FN:4,(anonymous_0)
FN:5,(anonymous_1)
FNF:2
FNH:0
FNDA:0,(anonymous_0)
FNDA:0,(anonymous_1)
DA:4,0
DA:5,0
DA:7,0
LF:3
LH:0
BRF:0
BRH:0
end_of_record
TN:
SF:src/pages/Hotels.js
FN:20,Hotels
FN:23,(anonymous_1)
FN:35,(anonymous_2)
FNF:3
FNH:3
FNDA:2,Hotels
FNDA:2,(anonymous_1)
FNDA:2,(anonymous_2)
DA:8,1
DA:15,1
DA:21,2
DA:23,2
DA:24,2
DA:27,2
DA:36,2
LF:7
LH:7
BRDA:24,0,0,2
BRDA:24,0,1,2
BRDA:24,0,2,1
BRDA:31,1,0,1
BRDA:31,1,1,1
BRDA:31,2,0,2
BRDA:31,2,1,1
BRDA:32,3,0,1
BRDA:32,3,1,1
BRDA:34,4,0,1
BRDA:34,4,1,1
BRF:11
BRH:11
end_of_record
