TN:
SF:src/App.js
FN:25,App
FNF:1
FNH:0
FNDA:0,App
DA:9,0
DA:21,0
DA:26,0
LF:3
LH:0
BRF:0
BRH:0
end_of_record
TN:
SF:src/index.js
FNF:0
FNH:0
DA:6,0
DA:7,0
DA:17,0
LF:3
LH:0
BRF:0
BRH:0
end_of_record
TN:
SF:src/reportWebVitals.js
FN:1,(anonymous_0)
FN:3,(anonymous_1)
FNF:2
FNH:0
FNDA:0,(anonymous_0)
FNDA:0,(anonymous_1)
DA:1,0
DA:2,0
DA:3,0
DA:4,0
DA:5,0
DA:6,0
DA:7,0
DA:8,0
LF:8
LH:0
BRDA:2,0,0,0
BRDA:2,0,1,0
BRDA:2,1,0,0
BRDA:2,1,1,0
BRF:4
BRH:0
end_of_record
TN:
SF:src/components/Button/Button.js
FNF:0
FNH:0
DA:3,2
LF:1
LH:1
BRF:0
BRH:0
end_of_record
TN:
SF:src/components/FormItem/FormItem.js
FN:25,FormItem
FNF:1
FNH:0
FNDA:0,FormItem
DA:3,0
DA:10,0
DA:16,0
DA:33,0
LF:4
LH:0
BRDA:28,0,0,0
BRDA:29,1,0,0
BRF:2
BRH:0
end_of_record
TN:
SF:src/components/Header/Header.js
FN:18,Header
FNF:1
FNH:0
FNDA:0,Header
DA:3,0
DA:14,0
DA:19,0
LF:3
LH:0
BRF:0
BRH:0
end_of_record
TN:
SF:src/components/HotelItem/HotelItem.js
FN:23,HotelItem
FNF:1
FNH:0
FNDA:0,HotelItem
DA:3,1
DA:15,1
DA:19,1
DA:24,0
LF:4
LH:3
BRF:0
BRH:0
end_of_record
TN:
SF:src/components/NavBar/NavBar.js
FN:26,NavBar
FNF:1
FNH:1
FNDA:3,NavBar
DA:4,2
DA:11,2
DA:22,2
DA:27,3
LF:4
LH:4
BRDA:26,0,0,2
BRDA:30,1,0,3
BRDA:30,1,1,1
BRDA:36,2,0,3
BRDA:36,2,1,1
BRF:5
BRH:5
end_of_record
TN:
SF:src/components/ReviewItem/ReviewItem.js
FN:29,ReviewItem
FNF:1
FNH:0
FNDA:0,ReviewItem
DA:3,0
DA:14,0
DA:20,0
DA:25,0
DA:30,0
LF:5
LH:0
BRF:0
BRH:0
end_of_record
TN:
SF:src/context/AppContext.js
FN:4,(anonymous_0)
FNF:1
FNH:0
FNDA:0,(anonymous_0)
DA:4,0
DA:5,0
LF:2
LH:0
BRF:0
BRH:0
end_of_record
TN:
SF:src/context/HotelsContext.js
FN:12,(anonymous_0)
FN:45,(anonymous_1)
FN:48,(anonymous_2)
FN:63,(anonymous_3)
FNF:4
FNH:0
FNDA:0,(anonymous_0)
FNDA:0,(anonymous_1)
FNDA:0,(anonymous_2)
FNDA:0,(anonymous_3)
DA:3,1
DA:5,1
DA:12,1
DA:13,0
DA:15,0
DA:21,0
DA:28,0
DA:34,0
DA:41,0
DA:45,1
DA:46,0
DA:48,0
DA:49,0
DA:50,0
DA:53,0
DA:55,0
DA:56,0
DA:59,0
DA:63,0
DA:64,0
DA:65,0
DA:68,0
DA:70,0
DA:71,0
DA:74,0
DA:78,0
LF:26
LH:4
BRDA:13,0,0,0
BRDA:13,0,1,0
BRDA:13,0,2,0
BRDA:13,0,3,0
BRDA:13,0,4,0
BRDA:55,1,0,0
BRDA:55,1,1,0
BRDA:70,2,0,0
BRDA:70,2,1,0
BRF:9
BRH:0
end_of_record
TN:
SF:src/context/ReviewsContext.js
FN:11,(anonymous_0)
FN:38,(anonymous_1)
FN:41,(anonymous_2)
FN:57,(anonymous_3)
FNF:4
FNH:0
FNDA:0,(anonymous_0)
FNDA:0,(anonymous_1)
FNDA:0,(anonymous_2)
FNDA:0,(anonymous_3)
DA:3,0
DA:5,0
DA:11,0
DA:12,0
DA:14,0
DA:20,0
DA:27,0
DA:34,0
DA:38,0
DA:39,0
DA:41,0
DA:42,0
DA:43,0
DA:46,0
DA:48,0
DA:49,0
DA:52,0
DA:56,0
DA:58,0
DA:60,0
DA:61,0
DA:74,0
DA:76,0
DA:77,0
DA:93,0
LF:25
LH:0
BRDA:12,0,0,0
BRDA:12,0,1,0
BRDA:12,0,2,0
BRDA:12,0,3,0
BRDA:48,1,0,0
BRDA:48,1,1,0
BRDA:76,2,0,0
BRDA:76,2,1,0
BRF:8
BRH:0
end_of_record
TN:
SF:src/pages/HotelDetail.js
FN:18,HotelDetail
FN:25,(anonymous_1)
FN:29,(anonymous_2)
FN:37,(anonymous_3)
FN:38,(anonymous_4)
FN:47,(anonymous_5)
FNF:6
FNH:0
FNDA:0,HotelDetail
FNDA:0,(anonymous_1)
FNDA:0,(anonymous_2)
FNDA:0,(anonymous_3)
FNDA:0,(anonymous_4)
FNDA:0,(anonymous_5)
DA:11,0
DA:19,0
DA:20,0
DA:22,0
DA:23,0
DA:25,0
DA:26,0
DA:29,0
DA:30,0
DA:33,0
DA:37,0
DA:38,0
DA:47,0
LF:13
LH:0
BRDA:26,0,0,0
BRDA:26,0,1,0
BRDA:26,0,2,0
BRDA:30,1,0,0
BRDA:30,1,1,0
BRDA:30,1,2,0
BRDA:35,2,0,0
BRDA:35,2,1,0
BRDA:39,3,0,0
BRDA:39,3,1,0
BRDA:42,4,0,0
BRDA:42,4,1,0
BRDA:44,5,0,0
BRDA:44,5,1,0
BRDA:44,6,0,0
BRDA:44,6,1,0
BRDA:45,7,0,0
BRDA:45,7,1,0
BRF:18
BRH:0
end_of_record
TN:
SF:src/pages/Hotels.js
FN:20,Hotels
FN:23,(anonymous_1)
FN:35,(anonymous_2)
FNF:3
FNH:2
FNDA:1,Hotels
FNDA:1,(anonymous_1)
FNDA:0,(anonymous_2)
DA:8,1
DA:15,1
DA:21,1
DA:23,1
DA:24,1
DA:27,1
DA:36,0
LF:7
LH:6
BRDA:24,0,0,1
BRDA:24,0,1,1
BRDA:24,0,2,1
BRDA:31,1,0,1
BRDA:31,1,1,0
BRDA:31,2,0,1
BRDA:31,2,1,0
BRDA:32,3,0,1
BRDA:32,3,1,1
BRDA:34,4,0,0
BRDA:34,4,1,0
BRF:11
BRH:7
end_of_record
TN:
SF:src/pages/ReviewForm.js
FN:21,ReviewForm
FN:31,onSubmit
FN:48,(anonymous_2)
FN:56,(anonymous_3)
FN:63,(anonymous_4)
FN:71,(anonymous_5)
FNF:6
FNH:0
FNDA:0,ReviewForm
FNDA:0,onSubmit
FNDA:0,(anonymous_2)
FNDA:0,(anonymous_3)
FNDA:0,(anonymous_4)
FNDA:0,(anonymous_5)
DA:9,0
DA:16,0
DA:22,0
DA:23,0
DA:25,0
DA:26,0
DA:27,0
DA:29,0
DA:32,0
DA:34,0
DA:35,0
DA:43,0
DA:46,0
DA:48,0
DA:56,0
DA:63,0
DA:71,0
LF:17
LH:0
BRDA:34,0,0,0
BRDA:34,0,1,0
BRDA:34,1,0,0
BRDA:34,1,1,0
BRDA:34,1,2,0
BRDA:48,2,0,0
BRDA:48,2,1,0
BRF:7
BRH:0
end_of_record
